0 info it worked if it ends with ok
1 verbose cli [ '/home/Zeplin/.nvm/versions/node/v7.7.1/bin/node',
1 verbose cli   '/home/Zeplin/.nvm/versions/node/v7.7.1/bin/npm',
1 verbose cli   'version',
1 verbose cli   'minor' ]
2 info using npm@4.1.2
3 info using node@v7.7.1
4 info git [ 'status', '--porcelain' ]
5 verbose stack Error: Git working directory not clean.
5 verbose stack M .gitignore
5 verbose stack M .travis.yml
5 verbose stack M .zuul.yml
5 verbose stack M examples/basicUsage.html
5 verbose stack D npm-debug.log
5 verbose stack M src/store.js
5 verbose stack M tests/store.spec.js
5 verbose stack     at /home/Zeplin/.nvm/versions/node/v7.7.1/lib/node_modules/npm/lib/version.js:247:19
5 verbose stack     at /home/Zeplin/.nvm/versions/node/v7.7.1/lib/node_modules/npm/lib/utils/no-progress-while-running.js:21:8
5 verbose stack     at ChildProcess.exithandler (child_process.js:201:7)
5 verbose stack     at emitTwo (events.js:106:13)
5 verbose stack     at ChildProcess.emit (events.js:194:7)
5 verbose stack     at maybeClose (internal/child_process.js:899:16)
5 verbose stack     at Process.ChildProcess._handle.onexit (internal/child_process.js:226:5)
6 verbose cwd /mnt/c/Users/Zepelin/development/projects/localstorage-plus
7 error Linux 4.4.0-43-Microsoft
8 error argv "/home/Zeplin/.nvm/versions/node/v7.7.1/bin/node" "/home/Zeplin/.nvm/versions/node/v7.7.1/bin/npm" "version" "minor"
9 error node v7.7.1
10 error npm  v4.1.2
11 error Git working directory not clean.
11 error M .gitignore
11 error M .travis.yml
11 error M .zuul.yml
11 error M examples/basicUsage.html
11 error D npm-debug.log
11 error M src/store.js
11 error M tests/store.spec.js
12 error If you need help, you may report this error at:
12 error     <https://github.com/npm/npm/issues>
13 verbose exit [ 1, true ]
